ISim log file
Running: /home/hoyosrod/Compteur/TestTOP_isim_beh.exe -intstyle ise -gui -tclbatch isim.cmd -wdb /home/hoyosrod/Compteur/TestTOP_isim_beh.wdb 
INFO: There is another simulation running in the same directory. Using database file name isim1.wdb.
ISim O.87xd (signature 0x8ddf5b5d)
----------------------------------------------------------------------
INFO:Security:50 - The XILINXD_LICENSE_FILE environment variable is set to '2100@srv-gei-ens1'.
INFO:Security:52 - The LM_LICENSE_FILE environment variable is set to '2100@srv-gei-ens1'.
WARNING:Security:43 - No license file was found in the standard Xilinx license directory.
WARNING:Security:44 - Since no license file was found,
       please run the Xilinx License Configuration Manager
       (xlcm or "Manage Xilinx Licenses")
       to assist in obtaining a license.
WARNING:Security:42 - Your software subscription period has lapsed. Your current version of Xilinx tools will continue to function, but you no longer qualify for Xilinx software updates or new releases.


----------------------------------------------------------------------
This is a Full version of ISim.
Time resolution is 1 ps
# onerror resume
# wave add /
# run 1000 ns
Simulator is doing circuit initialization process.
Finished circuit initialization process.
# run 1000ms
at 300000015 ns(2), Instance /testtop/uut/U2/ : Warning: There is an 'U'|'X'|'W'|'Z'|'-' in an arithmetic operand, the result will be 'X'(es).
# run all
Stopped at time : 1338645605 ns : File "/home/hoyosrod/Compteur/CLKDiviseur.vhd" Line 51
# exit 0
Stopped at time : 5903346505 ns : File "/home/hoyosrod/Compteur/TestTOP.vhd" Line 88
