Release 13.4 - xst O.87xd (lin64)
Copyright (c) 1995-2011 Xilinx, Inc.  All rights reserved.
--> 
Parameter TMPDIR set to xst/projnav.tmp


Total REAL time to Xst completion: 0.00 secs
Total CPU time to Xst completion: 0.06 secs
 
--> 
Parameter xsthdpdir set to xst


Total REAL time to Xst completion: 0.00 secs
Total CPU time to Xst completion: 0.06 secs
 
--> 
Reading design: TOP.prj

TABLE OF CONTENTS
  1) Synthesis Options Summary
  2) HDL Parsing
  3) HDL Elaboration
  4) HDL Synthesis
       4.1) HDL Synthesis Report
  5) Advanced HDL Synthesis
       5.1) Advanced HDL Synthesis Report
  6) Low Level Synthesis
  7) Partition Report
  8) Design Summary
       8.1) Primitive and Black Box Usage
       8.2) Device utilization summary
       8.3) Partition Resource Summary
       8.4) Timing Report
            8.4.1) Clock Information
            8.4.2) Asynchronous Control Signals Information
            8.4.3) Timing Summary
            8.4.4) Timing Details
            8.4.5) Cross Clock Domains Report


=========================================================================
*                      Synthesis Options Summary                        *
=========================================================================
---- Source Parameters
Input File Name                    : "TOP.prj"
Ignore Synthesis Constraint File   : NO

---- Target Parameters
Output File Name                   : "TOP"
Output Format                      : NGC
Target Device                      : xc6slx16-3-csg324

---- Source Options
Top Module Name                    : TOP
Automatic FSM Extraction           : YES
FSM Encoding Algorithm             : Auto
Safe Implementation                : No
FSM Style                          : LUT
RAM Extraction                     : Yes
RAM Style                          : Auto
ROM Extraction                     : Yes
Shift Register Extraction          : YES
ROM Style                          : Auto
Resource Sharing                   : YES
Asynchronous To Synchronous        : NO
Shift Register Minimum Size        : 2
Use DSP Block                      : Auto
Automatic Register Balancing       : No

---- Target Options
LUT Combining                      : Auto
Reduce Control Sets                : Auto
Add IO Buffers                     : YES
Global Maximum Fanout              : 100000
Add Generic Clock Buffer(BUFG)     : 16
Register Duplication               : YES
Optimize Instantiated Primitives   : NO
Use Clock Enable                   : Auto
Use Synchronous Set                : Auto
Use Synchronous Reset              : Auto
Pack IO Registers into IOBs        : Auto
Equivalent register Removal        : YES

---- General Options
Optimization Goal                  : Speed
Optimization Effort                : 1
Power Reduction                    : NO
Keep Hierarchy                     : No
Netlist Hierarchy                  : As_Optimized
RTL Output                         : Yes
Global Optimization                : AllClockNets
Read Cores                         : YES
Write Timing Constraints           : NO
Cross Clock Analysis               : NO
Hierarchy Separator                : /
Bus Delimiter                      : <>
Case Specifier                     : Maintain
Slice Utilization Ratio            : 100
BRAM Utilization Ratio             : 100
DSP48 Utilization Ratio            : 100
Auto BRAM Packing                  : NO
Slice Utilization Ratio Delta      : 5

=========================================================================

INFO:Xst - Part-select index evaluated to out of bound value may lead to incorrect synthesis results; it is recommended not to use them in RTL

=========================================================================
*                          HDL Parsing                                  *
=========================================================================
Parsing VHDL file "/home/hoyosrod/Compteur/compteur8bits.vhd" into library work
Parsing entity <compteur8bits>.
Parsing architecture <Behavioral> of entity <compteur8bits>.
Parsing VHDL file "/home/hoyosrod/Compteur/CLKDiviseur.vhd" into library work
Parsing entity <CLKDiviseur>.
Parsing architecture <Behavioral> of entity <clkdiviseur>.
Parsing VHDL file "/home/hoyosrod/Compteur/TOP.vhd" into library work
Parsing entity <TOP>.
Parsing architecture <struct> of entity <top>.

=========================================================================
*                            HDL Elaboration                            *
=========================================================================

Elaborating entity <TOP> (architecture <struct>) from library <work>.

Elaborating entity <CLKDiviseur> (architecture <Behavioral>) from library <work>.

Elaborating entity <compteur8bits> (architecture <Behavioral>) from library <work>.

=========================================================================
*                           HDL Synthesis                               *
=========================================================================

Synthesizing Unit <TOP>.
    Related source file is "/home/hoyosrod/Compteur/TOP.vhd".
    Summary:
	no macro.
Unit <TOP> synthesized.

Synthesizing Unit <CLKDiviseur>.
    Related source file is "/home/hoyosrod/Compteur/CLKDiviseur.vhd".
    Found 32-bit register for signal <CNT>.
    Found 1-bit register for signal <CK>.
    Found 1-bit register for signal <CKETAT>.
    Found 32-bit adder for signal <CNT[31]_GND_4_o_add_1_OUT> created at line 49.
    Summary:
	inferred   1 Adder/Subtractor(s).
	inferred  34 D-type flip-flop(s).
Unit <CLKDiviseur> synthesized.

Synthesizing Unit <compteur8bits>.
    Related source file is "/home/hoyosrod/Compteur/compteur8bits.vhd".
    Register <Dp> equivalent to <Dout> has been removed
    Found 8-bit register for signal <Dout>.
    Found 8-bit adder for signal <Dp[7]_GND_7_o_add_0_OUT> created at line 59.
    Found 8-bit subtractor for signal <GND_7_o_GND_7_o_sub_2_OUT<7:0>> created at line 61.
    Summary:
	inferred   1 Adder/Subtractor(s).
	inferred   8 D-type flip-flop(s).
	inferred   1 Multiplexer(s).
Unit <compteur8bits> synthesized.

=========================================================================
HDL Synthesis Report

Macro Statistics
# Adders/Subtractors                                   : 2
 32-bit adder                                          : 1
 8-bit addsub                                          : 1
# Registers                                            : 4
 1-bit register                                        : 2
 32-bit register                                       : 1
 8-bit register                                        : 1
# Multiplexers                                         : 1
 8-bit 2-to-1 multiplexer                              : 1

=========================================================================

=========================================================================
*                       Advanced HDL Synthesis                          *
=========================================================================


Synthesizing (advanced) Unit <CLKDiviseur>.
The following registers are absorbed into counter <CNT>: 1 register on signal <CNT>.
Unit <CLKDiviseur> synthesized (advanced).

Synthesizing (advanced) Unit <compteur8bits>.
The following registers are absorbed into counter <Dout>: 1 register on signal <Dout>.
Unit <compteur8bits> synthesized (advanced).

=========================================================================
Advanced HDL Synthesis Report

Macro Statistics
# Counters                                             : 2
 32-bit up counter                                     : 1
 8-bit updown counter                                  : 1
# Registers                                            : 2
 Flip-Flops                                            : 2

=========================================================================

=========================================================================
*                         Low Level Synthesis                           *
=========================================================================

Optimizing unit <TOP> ...

Mapping all equations...
Building and optimizing final netlist ...
Found area constraint ratio of 100 (+ 5) on block TOP, actual ratio is 0.

Final Macro Processing ...

=========================================================================
Final Register Report

Macro Statistics
# Registers                                            : 42
 Flip-Flops                                            : 42

=========================================================================

=========================================================================
*                           Partition Report                            *
=========================================================================

Partition Implementation Status
-------------------------------

  No Partitions were found in this design.

-------------------------------

=========================================================================
*                            Design Summary                             *
=========================================================================

Top Level Output File Name         : TOP.ngc

Primitive and Black Box Usage:
------------------------------
# BELS                             : 174
#      GND                         : 1
#      INV                         : 3
#      LUT1                        : 31
#      LUT2                        : 36
#      LUT3                        : 1
#      LUT4                        : 8
#      LUT6                        : 8
#      MULT_AND                    : 7
#      MUXCY                       : 38
#      VCC                         : 1
#      XORCY                       : 40
# FlipFlops/Latches                : 42
#      FD                          : 34
#      FDRE                        : 8
# Clock Buffers                    : 1
#      BUFGP                       : 1
# IO Buffers                       : 20
#      IBUF                        : 12
#      OBUF                        : 8

Device utilization summary:
---------------------------

Selected Device : 6slx16csg324-3 


Slice Logic Utilization: 
 Number of Slice Registers:              42  out of  18224     0%  
 Number of Slice LUTs:                   87  out of   9112     0%  
    Number used as Logic:                87  out of   9112     0%  

Slice Logic Distribution: 
 Number of LUT Flip Flop pairs used:     87
   Number with an unused Flip Flop:      45  out of     87    51%  
   Number with an unused LUT:             0  out of     87     0%  
   Number of fully used LUT-FF pairs:    42  out of     87    48%  
   Number of unique control sets:         2

IO Utilization: 
 Number of IOs:                          21
 Number of bonded IOBs:                  21  out of    232     9%  

Specific Feature Utilization:
 Number of BUFG/BUFGCTRLs:                1  out of     16     6%  

---------------------------
Partition Resource Summary:
---------------------------

  No Partitions were found in this design.

---------------------------


=========================================================================
Timing Report

NOTE: THESE TIMING NUMBERS ARE ONLY A SYNTHESIS ESTIMATE.
      FOR ACCURATE TIMING INFORMATION PLEASE REFER TO THE TRACE REPORT
      GENERATED AFTER PLACE-and-ROUTE.

Clock Information:
------------------
-----------------------------------+------------------------+-------+
Clock Signal                       | Clock buffer(FF name)  | Load  |
-----------------------------------+------------------------+-------+
U1/CK                              | NONE(U2/Dout_0)        | 8     |
CKE                                | BUFGP                  | 34    |
-----------------------------------+------------------------+-------+
INFO:Xst:2169 - HDL ADVISOR - Some clock signals were not automatically buffered by XST with BUFG/BUFR resources. Please use the buffer_type constraint in order to insert these buffers to the clock signals to help prevent skew problems.

Asynchronous Control Signals Information:
----------------------------------------
No asynchronous control signals found in this design

Timing Summary:
---------------
Speed Grade: -3

   Minimum period: 4.164ns (Maximum Frequency: 240.136MHz)
   Minimum input arrival time before clock: 3.899ns
   Maximum output required time after clock: 3.634ns
   Maximum combinational path delay: No path found

Timing Details:
---------------
All values displayed in nanoseconds (ns)

=========================================================================
Timing constraint: Default period analysis for Clock 'U1/CK'
  Clock period: 2.065ns (frequency: 484.203MHz)
  Total number of paths / destination ports: 64 / 8
-------------------------------------------------------------------------
Delay:               2.065ns (Levels of Logic = 9)
  Source:            U2/Dout_0 (FF)
  Destination:       U2/Dout_7 (FF)
  Source Clock:      U1/CK rising
  Destination Clock: U1/CK rising

  Data Path: U2/Dout_0 to U2/Dout_7
                                Gate     Net
    Cell:in->out      fanout   Delay   Delay  Logical Name (Net Name)
    ----------------------------------------  ------------
     FDRE:C->Q             2   0.447   0.845  U2/Dout_0 (U2/Dout_0)
     LUT4:I1->O            1   0.205   0.000  U2/Mcount_Dout_lut<0> (U2/Mcount_Dout_lut<0>)
     MUXCY:S->O            1   0.172   0.000  U2/Mcount_Dout_cy<0> (U2/Mcount_Dout_cy<0>)
     MUXCY:CI->O           1   0.019   0.000  U2/Mcount_Dout_cy<1> (U2/Mcount_Dout_cy<1>)
     MUXCY:CI->O           1   0.019   0.000  U2/Mcount_Dout_cy<2> (U2/Mcount_Dout_cy<2>)
     MUXCY:CI->O           1   0.019   0.000  U2/Mcount_Dout_cy<3> (U2/Mcount_Dout_cy<3>)
     MUXCY:CI->O           1   0.019   0.000  U2/Mcount_Dout_cy<4> (U2/Mcount_Dout_cy<4>)
     MUXCY:CI->O           1   0.019   0.000  U2/Mcount_Dout_cy<5> (U2/Mcount_Dout_cy<5>)
     MUXCY:CI->O           0   0.019   0.000  U2/Mcount_Dout_cy<6> (U2/Mcount_Dout_cy<6>)
     XORCY:CI->O           1   0.180   0.000  U2/Mcount_Dout_xor<7> (U2/Mcount_Dout8)
     FDRE:D                    0.102          U2/Dout_7
    ----------------------------------------
    Total                      2.065ns (1.220ns logic, 0.845ns route)
                                       (59.1% logic, 40.9% route)

=========================================================================
Timing constraint: Default period analysis for Clock 'CKE'
  Clock period: 4.164ns (frequency: 240.136MHz)
  Total number of paths / destination ports: 1619 / 34
-------------------------------------------------------------------------
Delay:               4.164ns (Levels of Logic = 3)
  Source:            U1/CNT_25 (FF)
  Destination:       U1/CKETAT (FF)
  Source Clock:      CKE rising
  Destination Clock: CKE rising

  Data Path: U1/CNT_25 to U1/CKETAT
                                Gate     Net
    Cell:in->out      fanout   Delay   Delay  Logical Name (Net Name)
    ----------------------------------------  ------------
     FD:C->Q               2   0.447   0.981  U1/CNT_25 (U1/CNT_25)
     LUT6:I0->O            3   0.203   0.995  U1/GND_4_o_CNT[31]_equal_1_o<31>5 (U1/GND_4_o_CNT[31]_equal_1_o<31>4)
     LUT6:I1->O           17   0.203   1.028  U1/GND_4_o_CNT[31]_equal_1_o<31>7 (U1/GND_4_o_CNT[31]_equal_1_o)
     LUT2:I1->O            1   0.205   0.000  U1/CNT_0_rstpot (U1/CNT_0_rstpot)
     FD:D                      0.102          U1/CNT_0
    ----------------------------------------
    Total                      4.164ns (1.160ns logic, 3.004ns route)
                                       (27.9% logic, 72.1% route)

=========================================================================
Timing constraint: Default OFFSET IN BEFORE for Clock 'U1/CK'
  Total number of paths / destination ports: 176 / 24
-------------------------------------------------------------------------
Offset:              3.899ns (Levels of Logic = 11)
  Source:            LOADT (PAD)
  Destination:       U2/Dout_7 (FF)
  Destination Clock: U1/CK rising

  Data Path: LOADT to U2/Dout_7
                                Gate     Net
    Cell:in->out      fanout   Delay   Delay  Logical Name (Net Name)
    ----------------------------------------  ------------
     IBUF:I->O             3   1.222   0.650  LOADT_IBUF (LOADT_IBUF)
     INV:I->O              8   0.206   1.050  LOADT_inv1_INV_0 (LOADT_inv)
     LUT4:I0->O            1   0.203   0.000  U2/Mcount_Dout_lut<0> (U2/Mcount_Dout_lut<0>)
     MUXCY:S->O            1   0.172   0.000  U2/Mcount_Dout_cy<0> (U2/Mcount_Dout_cy<0>)
     MUXCY:CI->O           1   0.019   0.000  U2/Mcount_Dout_cy<1> (U2/Mcount_Dout_cy<1>)
     MUXCY:CI->O           1   0.019   0.000  U2/Mcount_Dout_cy<2> (U2/Mcount_Dout_cy<2>)
     MUXCY:CI->O           1   0.019   0.000  U2/Mcount_Dout_cy<3> (U2/Mcount_Dout_cy<3>)
     MUXCY:CI->O           1   0.019   0.000  U2/Mcount_Dout_cy<4> (U2/Mcount_Dout_cy<4>)
     MUXCY:CI->O           1   0.019   0.000  U2/Mcount_Dout_cy<5> (U2/Mcount_Dout_cy<5>)
     MUXCY:CI->O           0   0.019   0.000  U2/Mcount_Dout_cy<6> (U2/Mcount_Dout_cy<6>)
     XORCY:CI->O           1   0.180   0.000  U2/Mcount_Dout_xor<7> (U2/Mcount_Dout8)
     FDRE:D                    0.102          U2/Dout_7
    ----------------------------------------
    Total                      3.899ns (2.199ns logic, 1.700ns route)
                                       (56.4% logic, 43.6% route)

=========================================================================
Timing constraint: Default OFFSET OUT AFTER for Clock 'U1/CK'
  Total number of paths / destination ports: 8 / 8
-------------------------------------------------------------------------
Offset:              3.634ns (Levels of Logic = 1)
  Source:            U2/Dout_7 (FF)
  Destination:       DoutT<7> (PAD)
  Source Clock:      U1/CK rising

  Data Path: U2/Dout_7 to DoutT<7>
                                Gate     Net
    Cell:in->out      fanout   Delay   Delay  Logical Name (Net Name)
    ----------------------------------------  ------------
     FDRE:C->Q             2   0.447   0.616  U2/Dout_7 (U2/Dout_7)
     OBUF:I->O                 2.571          DoutT_7_OBUF (DoutT<7>)
    ----------------------------------------
    Total                      3.634ns (3.018ns logic, 0.616ns route)
                                       (83.0% logic, 17.0% route)

=========================================================================

Cross Clock Domains Report:
--------------------------

Clock to Setup on destination clock CKE
---------------+---------+---------+---------+---------+
               | Src:Rise| Src:Fall| Src:Rise| Src:Fall|
Source Clock   |Dest:Rise|Dest:Rise|Dest:Fall|Dest:Fall|
---------------+---------+---------+---------+---------+
CKE            |    4.164|         |         |         |
---------------+---------+---------+---------+---------+

Clock to Setup on destination clock U1/CK
---------------+---------+---------+---------+---------+
               | Src:Rise| Src:Fall| Src:Rise| Src:Fall|
Source Clock   |Dest:Rise|Dest:Rise|Dest:Fall|Dest:Fall|
---------------+---------+---------+---------+---------+
U1/CK          |    2.065|         |         |         |
---------------+---------+---------+---------+---------+

=========================================================================


Total REAL time to Xst completion: 6.00 secs
Total CPU time to Xst completion: 3.49 secs
 
--> 


Total memory usage is 387720 kilobytes

Number of errors   :    0 (   0 filtered)
Number of warnings :    0 (   0 filtered)
Number of infos    :    2 (   0 filtered)

